Building DAG of jobs...
Using shell: /usr/bin/bash
Provided cluster nodes: 8
Job counts:
	count	jobs
	1	all
	1	assemble
	1	create_reports
	1	detect_orfs
	1	format_hsearch_main
	1	krona_graph
	1	pack
	1	qc_plots
	1	realign_reads
	1	sans_orfs
	1	stats
	1	summary_excel
	12

[Thu Jul 21 18:28:06 2022]
rule assemble:
    input: results/sample1/trimmed_paired1_hostflt.fq, results/sample1/trimmed_paired2_hostflt.fq
    output: results/sample1/assembler_out, results/sample1/contigs.fa
    log: logs/sample1/assemble.log
    jobid: 5
    wildcards: sample=sample1
    threads: 2

Submitted job 5 with external jobid 'Submitted batch job 481146'.
[Thu Jul 21 18:43:07 2022]
Error in rule assemble:
    jobid: 5
    output: results/sample1/assembler_out, results/sample1/contigs.fa
    log: logs/sample1/assemble.log (check log file(s) for error message)
    cluster_jobid: Submitted batch job 481146

Error executing rule assemble on cluster (jobid: 5, external: Submitted batch job 481146, jobscript: /nobackup/lab_bergthaler/2022_MPX_evolution/run_BSF_1193_000000000-KFFF9/lazypipe/.snakemake/tmp.9bolnb14/snakejob.assemble.5.sh). For error details see the cluster log and the log files of the involved rule(s).
Shutting down, this might take some time.
Exiting because a job execution failed. Look above for error message
Complete log: /nobackup/lab_bergthaler/2022_MPX_evolution/run_BSF_1193_000000000-KFFF9/lazypipe/.snakemake/log/2022-07-21T182806.269311.snakemake.log
