Building DAG of jobs...
Using shell: /usr/bin/bash
Provided cores: 4
Rules claiming more threads will be scaled down.
Job counts:
	count	jobs
	1	all
	1	assemble
	1	coverage_plots
	1	create_reports
	1	detect_orfs
	1	filter_hostgen
	1	format_hsearch_main
	1	krona_graph
	1	pack
	1	prepro_reads
	1	qc_plots
	1	realign_reads
	1	sans_orfs
	1	stats
	1	summary_excel
	15

[Wed Jul 27 12:52:08 2022]
rule prepro_reads:
    input: /home/ptriska/Desktop/metagenomics/MPX_experiment/lazypipe/datain/R1.fq, /home/ptriska/Desktop/metagenomics/MPX_experiment/lazypipe/datain/R2.fq
    output: results/sample2/trimmed_paired1.fq, results/sample2/trimmed_paired2.fq, results/sample2/trimmed_unpaired1.fq, results/sample2/trimmed_unpaired2.fq
    log: logs/sample2/prepro_reads.log
    jobid: 13
    wildcards: sample=sample2
    threads: 2

[Wed Jul 27 12:52:09 2022]
Finished job 13.
1 of 15 steps (7%) done

[Wed Jul 27 12:52:09 2022]
rule filter_hostgen:
    input: /home/ptriska/Desktop/metagenomics/MPX_experiment/lazypipe/data/R1.fq, results/sample2/trimmed_paired1.fq, results/sample2/trimmed_paired2.fq
    output: results/sample2/hostgen.sam, results/sample2/hostgen.sam.flt, results/sample2/hostgen.bam, results/sample2/hostgen.sorted.bam, results/sample2/hostgen.readids, results/sample2/trimmed_paired1_hostflt.fq, results/sample2/trimmed_paired2_hostflt.fq
    log: logs/sample2/filter_hostgen.log
    jobid: 10
    wildcards: sample=sample2
    threads: 2

Shutting down, this might take some time.
Exiting because a job execution failed. Look above for error message
Complete log: /home/ptriska/Desktop/metagenomics/MPX_experiment/lazypipe/.snakemake/log/2022-07-27T125208.900901.snakemake.log
