Building DAG of jobs...
Using shell: /usr/bin/bash
Provided cores: 8
Rules claiming more threads will be scaled down.
Job counts:
	count	jobs
	1	all
	1	coverage_plots
	1	create_reports
	1	format_hsearch_main
	1	krona_graph
	1	pack
	1	sans_orfs
	1	summary_excel
	8

[Mon Aug  1 13:13:17 2022]
rule coverage_plots:
    input: results/sample2/trimmed_paired1_hostflt.fq, results/sample2/trimmed_paired2_hostflt.fq
    output: results/sample2/virosaurus_mapped.sam, results/sample2/virosaurus_mapped_sorted.bam, results/sample2/virosaurus_mapped_sorted_uniquemap.bam, results/sample2/virosaurus_mapped_sorted_uniquemap.tsv, results/sample2/virosaurus_mapped_sorted_allmap.tsv, results/sample2/coverage_plot.png
    log: logs/sample2/coverage_plots.log
    jobid: 2
    wildcards: sample=sample2
    threads: 8

Removing temporary output file results/sample2/virosaurus_mapped.sam.
Removing temporary output file results/sample2/virosaurus_mapped_sorted.bam.
[Mon Aug  1 13:14:48 2022]
Finished job 2.
1 of 8 steps (12%) done

[Mon Aug  1 13:14:48 2022]
rule sans_orfs:
    input: results/sample2/ORFs.aa.fa
    output: results/sample2/dbhits.sans.tsv
    log: logs/sample2/sans_orfs.log
    jobid: 14
    wildcards: sample=sample2
    threads: 8

python3.10 SANSPANZ.3/runsanspanz.py -m SANStopHtaxid --SANS_H 5 -R  -i results/sample2/ORFs.aa.fa -o results/sample2/dbhits.sans.tsv &> logs/sample2/sans_orfs.log
[Mon Aug  1 13:14:48 2022]
Error in rule sans_orfs:
    jobid: 14
    output: results/sample2/dbhits.sans.tsv
    log: logs/sample2/sans_orfs.log (check log file(s) for error message)
    shell:
        python3.10 SANSPANZ.3/runsanspanz.py -m SANStopHtaxid --SANS_H 5 -R  -i results/sample2/ORFs.aa.fa -o results/sample2/dbhits.sans.tsv &> logs/sample2/sans_orfs.log
        (one of the commands exited with non-zero exit code; note that snakemake uses bash strict mode!)

Shutting down, this might take some time.
Exiting because a job execution failed. Look above for error message
Complete log: /home/ptriska/Desktop/metagenomics/MPX_experiment/lazypipe/.snakemake/log/2022-08-01T131317.621180.snakemake.log
