Building DAG of jobs...
Using shell: /usr/bin/bash
Provided cluster nodes: 8
Job counts:
	count	jobs
	1	all
	1	assemble
	1	create_reports
	1	detect_orfs
	1	filter_hostgen
	1	format_hsearch_main
	1	krona_graph
	1	pack
	1	qc_plots
	1	realign_reads
	1	sans_orfs
	1	stats
	1	summary_excel
	13

[Thu Jul 21 17:38:22 2022]
rule filter_hostgen:
    input: /nobackup/lab_bergthaler/pipelines/lazypipe/lazypipe/data/hostgen/GCA_000001405.29_GRCh38.p14_genomic.fna.gz, results/sample1/trimmed_paired1.fq, results/sample1/trimmed_paired2.fq
    output: results/sample1/hostgen.sam, results/sample1/hostgen.sam.flt, results/sample1/hostgen.bam, results/sample1/hostgen.sorted.bam, results/sample1/hostgen.readids, results/sample1/trimmed_paired1_hostflt.fq, results/sample1/trimmed_paired2_hostflt.fq
    log: logs/sample1/filter_hostgen.log
    jobid: 11
    wildcards: sample=sample1
    threads: 2

Submitted job 11 with external jobid 'Submitted batch job 481143'.
[Thu Jul 21 17:41:22 2022]
Error in rule filter_hostgen:
    jobid: 11
    output: results/sample1/hostgen.sam, results/sample1/hostgen.sam.flt, results/sample1/hostgen.bam, results/sample1/hostgen.sorted.bam, results/sample1/hostgen.readids, results/sample1/trimmed_paired1_hostflt.fq, results/sample1/trimmed_paired2_hostflt.fq
    log: logs/sample1/filter_hostgen.log (check log file(s) for error message)
    cluster_jobid: Submitted batch job 481143

Error executing rule filter_hostgen on cluster (jobid: 11, external: Submitted batch job 481143, jobscript: /nobackup/lab_bergthaler/2022_MPX_evolution/run_BSF_1193_000000000-KFFF9/lazypipe/.snakemake/tmp.zcp6mcq2/snakejob.filter_hostgen.11.sh). For error details see the cluster log and the log files of the involved rule(s).
Shutting down, this might take some time.
Exiting because a job execution failed. Look above for error message
Complete log: /nobackup/lab_bergthaler/2022_MPX_evolution/run_BSF_1193_000000000-KFFF9/lazypipe/.snakemake/log/2022-07-21T173822.563890.snakemake.log
